Just for test

creating UPD server.....

===CMD receive from API: inst=DISCV_CPS,node=1,dev=ttyUSB0,sn=,cmd=$status,source=uuid,device=backplane,ackid=1-cps-dcvd*
Convert updmsg to array:
Array
(
    [inst] => DISCV_CPS
    [node] => 1
    [dev] => ttyUSB0
    [sn] => 
    [cmd] => $status,source=uuid,device=backplane,ackid=1-cps-dcvd*
)


creating serial client....

===CMD receive from API: inst=START_CPS,sn=IAMAMIOXUUIDTHATYOUCANTDECODE,cmd=$status,source=all,ackid=1-cps-csta*$status,source=devices,ackid=1-nadm-unds*
Convert updmsg to array:
Array
(
    [inst] => START_CPS
    [sn] => IAMAMIOXUUIDTHATYOUCANTDECODE
    [cmd] => $status,source=all,ackid=1-cps-csta*$status,source=devices,ackid=1-nadm-unds*
)


CPS loop sends the status cmd:

-----------------BEGIN OF CPSLOOP-----------------

creating UPD server.....

===CMD receive from API: inst=DISCV_CPS,node=1,dev=ttyUSB0,sn=,cmd=$status,source=uuid,device=backplane,ackid=1-cps-dcvd*
Convert updmsg to array:
Array
(
    [inst] => DISCV_CPS
    [node] => 1
    [dev] => ttyUSB0
    [sn] => 
    [cmd] => $status,source=uuid,device=backplane,ackid=1-cps-dcvd*
)

Cmd changed to:$status,source=uuid,device=miox,ackid=1-cps-dcvd*
creating serial client....

Undefined variable: debugObj

-----------------BEGIN OF CPSLOOP-----------------

creating UPD server.....

===CMD receive from API: inst=DISCV_CPS,node=1,dev=ttyUSB0,sn=,cmd=$status,source=uuid,device=backplane,ackid=1-cps-dcvd*
Convert updmsg to array:
Array
(
    [inst] => DISCV_CPS
    [node] => 1
    [dev] => ttyUSB0
    [sn] => 
    [cmd] => $status,source=uuid,device=backplane,ackid=1-cps-dcvd*
)

Cmd changed to:$status,source=uuid,device=miox,ackid=1-cps-dcvd*
creating serial client....

Undefined variable: debugObj

-----------------BEGIN OF CPSLOOP-----------------

creating UPD server.....

===CMD receive from API: inst=DISCV_CPS,node=1,dev=ttyUSB0,sn=,cmd=$status,source=uuid,device=backplane,ackid=1-cps-dcvd*
Convert updmsg to array:
Array
(
    [inst] => DISCV_CPS
    [node] => 1
    [dev] => ttyUSB0
    [sn] => 
    [cmd] => $status,source=uuid,device=backplane,ackid=1-cps-dcvd*
)

Cmd changed to:$status,source=uuid,device=miox,ackid=1-cps-dcvd*
creating serial client....
Array
(
    [0] => $status,source=uuid,device=miox,ackid=1-cps-dcvd*
)
1
Process this response to get sn:$ackid=1-cps-dcvd,status,device=miox(0),uuid=IAMAMIOXUUIDTHATYOUCANTDECODE*

Serial number: IAMAMIOXUUIDTHATYOUCANTDECODE
Array
(
    [0] => $ackid=1-cps-dcvd,status,device=miox(0),uuid=IAMAMIOXUUIDTHATYOUCANTDECODE*
)

Processing:$ackid=1-cps-dcvd,status,device=miox(0),uuid=IAMAMIOXUUIDTHATYOUCANTDECODE*

ackid received:1-cps-dcvd

rsp changed to:$ackid=1-cps-dcvd,status,device=miox(0),uuid=IAMAMIOXUUIDTHATYOUCANTDECODE,backplane=IAMAMIOXUUIDTHATYOUCANTDECODE*

url API:http://localhost/workspaces/CURRENT/em/ipcDispatch.php
POST /workspaces/CURRENT/em/ipcDispatch.php HTTP/1.1
Host: localhost
Content-Type: application/x-www-form-urlencoded
Content-Length: 193
Connection: Close

user=SYSTEM&api=ipcNodeOpe&act=EXEC_RESP&node=1&hwRsp=%24ackid%3D1-cps-dcvd%2Cstatus%2Cdevice%3Dmiox%280%29%2Cuuid%3DIAMAMIOXUUIDTHATYOUCANTDECODE%2Cbackplane%3DIAMAMIOXUUIDTHATYOUCANTDECODE%2A

Response from API:{"rslt":"success","reason":"SERIAL NUMBER UPDATED"}

===CMD receive from API: inst=START_CPS,sn=IAMAMIOXUUIDTHATYOUCANTDECODE,cmd=$status,source=all,ackid=1-cps-csta*$status,source=devices,ackid=1-nadm-unds*
Convert updmsg to array:
Array
(
    [inst] => START_CPS
    [sn] => IAMAMIOXUUIDTHATYOUCANTDECODE
    [cmd] => $status,source=all,ackid=1-cps-csta*$status,source=devices,ackid=1-nadm-unds*
)


CPS loop sends the status cmd:
Array
(
    [0] => $status,source=all,ackid=1-cps-csta*
    [1] => $status,source=devices,ackid=1-nadm-unds*
    [2] => $status,source=all,ackid=1-cps-csta*
    [3] => $ackid=1-cps-csta,status,current=1239mA,voltage=45678mV*
    [4] => $status,source=devices,ackid=1-nadm-unds*
    [5] => $ackid=1-cps-csta,status,voltage1=46587mV,voltage2=47982mV,voltage3=48765mV,voltage4=49234mV*
    [6] => $ackid=1-cps-csta,status,temperature,zone1=67C,zone2=65C,zone3=66C,zone4=68C*
)

Processing:$ackid=1-cps-csta,status,current=1239mA,voltage=45678mV*

ackid received:1-cps-csta

rsp changed to:$ackid=1-cps-csta,status,current=1239mA,voltage=45678mV,backplane=IAMAMIOXUUIDTHATYOUCANTDECODE*

url API:http://localhost/workspaces/CURRENT/em/ipcDispatch.php
POST /workspaces/CURRENT/em/ipcDispatch.php HTTP/1.1
Host: localhost
Content-Type: application/x-www-form-urlencoded
Content-Length: 170
Connection: Close

user=SYSTEM&api=ipcNodeOpe&act=EXEC_RESP&node=1&hwRsp=%24ackid%3D1-cps-csta%2Cstatus%2Ccurrent%3D1239mA%2Cvoltage%3D45678mV%2Cbackplane%3DIAMAMIOXUUIDTHATYOUCANTDECODE%2A

Response from API:{"rslt":"success","reason":"VOLTAGE ALARM UPDATE SUCCESS"}

Processing:$ackid=1-cps-csta,status,voltage1=46587mV,voltage2=47982mV,voltage3=48765mV,voltage4=49234mV*

ackid received:1-cps-csta

rsp changed to:$ackid=1-cps-csta,status,voltage1=46587mV,voltage2=47982mV,voltage3=48765mV,voltage4=49234mV,backplane=IAMAMIOXUUIDTHATYOUCANTDECODE*

url API:http://localhost/workspaces/CURRENT/em/ipcDispatch.php
POST /workspaces/CURRENT/em/ipcDispatch.php HTTP/1.1
Host: localhost
Content-Type: application/x-www-form-urlencoded
Content-Length: 215
Connection: Close

user=SYSTEM&api=ipcNodeOpe&act=EXEC_RESP&node=1&hwRsp=%24ackid%3D1-cps-csta%2Cstatus%2Cvoltage1%3D46587mV%2Cvoltage2%3D47982mV%2Cvoltage3%3D48765mV%2Cvoltage4%3D49234mV%2Cbackplane%3DIAMAMIOXUUIDTHATYOUCANTDECODE%2A

Response from API:{"rslt":"success","reason":"VOLTAGE ALARM UPDATE SUCCESS"}

Processing:$ackid=1-cps-csta,status,temperature,zone1=67C,zone2=65C,zone3=66C,zone4=68C*

ackid received:1-cps-csta

rsp changed to:$ackid=1-cps-csta,status,temperature,zone1=67C,zone2=65C,zone3=66C,zone4=68C,backplane=IAMAMIOXUUIDTHATYOUCANTDECODE*

url API:http://localhost/workspaces/CURRENT/em/ipcDispatch.php
POST /workspaces/CURRENT/em/ipcDispatch.php HTTP/1.1
Host: localhost
Content-Type: application/x-www-form-urlencoded
Content-Length: 201
Connection: Close

user=SYSTEM&api=ipcNodeOpe&act=EXEC_RESP&node=1&hwRsp=%24ackid%3D1-cps-csta%2Cstatus%2Ctemperature%2Czone1%3D67C%2Czone2%3D65C%2Czone3%3D66C%2Czone4%3D68C%2Cbackplane%3DIAMAMIOXUUIDTHATYOUCANTDECODE%2A

Response from API:{"rslt":"success","reason":"TEMP ALARM UPDATE SUCCESS"}
Array
(
    [0] => $ackid=1-nadm-unds,status,devices,miox=11111111111111111111,mioy=11111111111111111111,mre=11111111111111111111,cps=11*
)

Processing:$ackid=1-nadm-unds,status,devices,miox=11111111111111111111,mioy=11111111111111111111,mre=11111111111111111111,cps=11*

ackid received:1-nadm-unds

rsp changed to:$ackid=1-nadm-unds,status,devices,miox=11111111111111111111,mioy=11111111111111111111,mre=11111111111111111111,cps=11,backplane=IAMAMIOXUUIDTHATYOUCANTDECODE*

url API:http://localhost/workspaces/CURRENT/em/ipcDispatch.php
POST /workspaces/CURRENT/em/ipcDispatch.php HTTP/1.1
Host: localhost
Content-Type: application/x-www-form-urlencoded
Content-Length: 242
Connection: Close

user=SYSTEM&api=ipcNodeOpe&act=EXEC_RESP&node=1&hwRsp=%24ackid%3D1-nadm-unds%2Cstatus%2Cdevices%2Cmiox%3D11111111111111111111%2Cmioy%3D11111111111111111111%2Cmre%3D11111111111111111111%2Ccps%3D11%2Cbackplane%3DIAMAMIOXUUIDTHATYOUCANTDECODE%2A

Response from API:{"rslt":"success","reason":"NODE DEVICES UPDATED"}
Array
(
    [0] => $ackid=1-cps-csta,status,current=1239mA,voltage=45678mV*
    [1] => $ackid=1-cps-csta,status,voltage1=46587mV,voltage2=47982mV,voltage3=48765mV,voltage4=49234mV*
    [2] => $ackid=1-cps-csta,status,temperature,zone1=67C,zone2=65C,zone3=66C,zone4=68C*
)

Processing:$ackid=1-cps-csta,status,current=1239mA,voltage=45678mV*

ackid received:1-cps-csta

rsp changed to:$ackid=1-cps-csta,status,current=1239mA,voltage=45678mV,backplane=IAMAMIOXUUIDTHATYOUCANTDECODE*

url API:http://localhost/workspaces/CURRENT/em/ipcDispatch.php
POST /workspaces/CURRENT/em/ipcDispatch.php HTTP/1.1
Host: localhost
Content-Type: application/x-www-form-urlencoded
Content-Length: 170
Connection: Close

user=SYSTEM&api=ipcNodeOpe&act=EXEC_RESP&node=1&hwRsp=%24ackid%3D1-cps-csta%2Cstatus%2Ccurrent%3D1239mA%2Cvoltage%3D45678mV%2Cbackplane%3DIAMAMIOXUUIDTHATYOUCANTDECODE%2A

Response from API:{"rslt":"success","reason":"VOLTAGE ALARM UPDATE SUCCESS"}

Processing:$ackid=1-cps-csta,status,voltage1=46587mV,voltage2=47982mV,voltage3=48765mV,voltage4=49234mV*

ackid received:1-cps-csta

rsp changed to:$ackid=1-cps-csta,status,voltage1=46587mV,voltage2=47982mV,voltage3=48765mV,voltage4=49234mV,backplane=IAMAMIOXUUIDTHATYOUCANTDECODE*

url API:http://localhost/workspaces/CURRENT/em/ipcDispatch.php
POST /workspaces/CURRENT/em/ipcDispatch.php HTTP/1.1
Host: localhost
Content-Type: application/x-www-form-urlencoded
Content-Length: 215
Connection: Close

user=SYSTEM&api=ipcNodeOpe&act=EXEC_RESP&node=1&hwRsp=%24ackid%3D1-cps-csta%2Cstatus%2Cvoltage1%3D46587mV%2Cvoltage2%3D47982mV%2Cvoltage3%3D48765mV%2Cvoltage4%3D49234mV%2Cbackplane%3DIAMAMIOXUUIDTHATYOUCANTDECODE%2A

Response from API:{"rslt":"success","reason":"VOLTAGE ALARM UPDATE SUCCESS"}

Processing:$ackid=1-cps-csta,status,temperature,zone1=67C,zone2=65C,zone3=66C,zone4=68C*

ackid received:1-cps-csta

rsp changed to:$ackid=1-cps-csta,status,temperature,zone1=67C,zone2=65C,zone3=66C,zone4=68C,backplane=IAMAMIOXUUIDTHATYOUCANTDECODE*

url API:http://localhost/workspaces/CURRENT/em/ipcDispatch.php
POST /workspaces/CURRENT/em/ipcDispatch.php HTTP/1.1
Host: localhost
Content-Type: application/x-www-form-urlencoded
Content-Length: 201
Connection: Close

user=SYSTEM&api=ipcNodeOpe&act=EXEC_RESP&node=1&hwRsp=%24ackid%3D1-cps-csta%2Cstatus%2Ctemperature%2Czone1%3D67C%2Czone2%3D65C%2Czone3%3D66C%2Czone4%3D68C%2Cbackplane%3DIAMAMIOXUUIDTHATYOUCANTDECODE%2A

Response from API:{"rslt":"success","reason":"TEMP ALARM UPDATE SUCCESS"}
Array
(
    [0] => $ackid=1-nadm-unds,status,devices,miox=11111111111111111111,mioy=11111111111111111111,mre=11111111111111111111,cps=11*
)

Processing:$ackid=1-nadm-unds,status,devices,miox=11111111111111111111,mioy=11111111111111111111,mre=11111111111111111111,cps=11*

ackid received:1-nadm-unds

rsp changed to:$ackid=1-nadm-unds,status,devices,miox=11111111111111111111,mioy=11111111111111111111,mre=11111111111111111111,cps=11,backplane=IAMAMIOXUUIDTHATYOUCANTDECODE*

url API:http://localhost/workspaces/CURRENT/em/ipcDispatch.php
POST /workspaces/CURRENT/em/ipcDispatch.php HTTP/1.1
Host: localhost
Content-Type: application/x-www-form-urlencoded
Content-Length: 242
Connection: Close

user=SYSTEM&api=ipcNodeOpe&act=EXEC_RESP&node=1&hwRsp=%24ackid%3D1-nadm-unds%2Cstatus%2Cdevices%2Cmiox%3D11111111111111111111%2Cmioy%3D11111111111111111111%2Cmre%3D11111111111111111111%2Ccps%3D11%2Cbackplane%3DIAMAMIOXUUIDTHATYOUCANTDECODE%2A

Response from API:{"rslt":"success","reason":"NODE DEVICES UPDATED"}

lostconn:0

CPS loop sends the status cmd:
Array
(
    [0] => $status,source=all,ackid=1-cps-csta*
    [1] => $status,source=devices,ackid=1-nadm-unds*
    [2] => $ackid=1-cps-csta,status,current=1239mA,voltage=45678mV*
    [3] => $ackid=1-cps-csta,status,voltage1=46587mV,voltage2=47982mV,voltage3=48765mV,voltage4=49234mV*
    [4] => $ackid=1-cps-csta,status,temperature,zone1=67C,zone2=65C,zone3=66C,zone4=68C*
)

Processing:$ackid=1-cps-csta,status,current=1239mA,voltage=45678mV*

ackid received:1-cps-csta

rsp changed to:$ackid=1-cps-csta,status,current=1239mA,voltage=45678mV,backplane=IAMAMIOXUUIDTHATYOUCANTDECODE*

url API:http://localhost/workspaces/CURRENT/em/ipcDispatch.php
POST /workspaces/CURRENT/em/ipcDispatch.php HTTP/1.1
Host: localhost
Content-Type: application/x-www-form-urlencoded
Content-Length: 170
Connection: Close

user=SYSTEM&api=ipcNodeOpe&act=EXEC_RESP&node=1&hwRsp=%24ackid%3D1-cps-csta%2Cstatus%2Ccurrent%3D1239mA%2Cvoltage%3D45678mV%2Cbackplane%3DIAMAMIOXUUIDTHATYOUCANTDECODE%2A

Response from API:{"rslt":"success","reason":"VOLTAGE ALARM UPDATE SUCCESS"}

Processing:$ackid=1-cps-csta,status,voltage1=46587mV,voltage2=47982mV,voltage3=48765mV,voltage4=49234mV*

ackid received:1-cps-csta

rsp changed to:$ackid=1-cps-csta,status,voltage1=46587mV,voltage2=47982mV,voltage3=48765mV,voltage4=49234mV,backplane=IAMAMIOXUUIDTHATYOUCANTDECODE*

url API:http://localhost/workspaces/CURRENT/em/ipcDispatch.php
POST /workspaces/CURRENT/em/ipcDispatch.php HTTP/1.1
Host: localhost
Content-Type: application/x-www-form-urlencoded
Content-Length: 215
Connection: Close

user=SYSTEM&api=ipcNodeOpe&act=EXEC_RESP&node=1&hwRsp=%24ackid%3D1-cps-csta%2Cstatus%2Cvoltage1%3D46587mV%2Cvoltage2%3D47982mV%2Cvoltage3%3D48765mV%2Cvoltage4%3D49234mV%2Cbackplane%3DIAMAMIOXUUIDTHATYOUCANTDECODE%2A

Response from API:{"rslt":"success","reason":"VOLTAGE ALARM UPDATE SUCCESS"}

Processing:$ackid=1-cps-csta,status,temperature,zone1=67C,zone2=65C,zone3=66C,zone4=68C*

ackid received:1-cps-csta

rsp changed to:$ackid=1-cps-csta,status,temperature,zone1=67C,zone2=65C,zone3=66C,zone4=68C,backplane=IAMAMIOXUUIDTHATYOUCANTDECODE*

url API:http://localhost/workspaces/CURRENT/em/ipcDispatch.php
POST /workspaces/CURRENT/em/ipcDispatch.php HTTP/1.1
Host: localhost
Content-Type: application/x-www-form-urlencoded
Content-Length: 201
Connection: Close

user=SYSTEM&api=ipcNodeOpe&act=EXEC_RESP&node=1&hwRsp=%24ackid%3D1-cps-csta%2Cstatus%2Ctemperature%2Czone1%3D67C%2Czone2%3D65C%2Czone3%3D66C%2Czone4%3D68C%2Cbackplane%3DIAMAMIOXUUIDTHATYOUCANTDECODE%2A

Response from API:{"rslt":"success","reason":"TEMP ALARM UPDATE SUCCESS"}
Array
(
    [0] => $ackid=1-nadm-unds,status,devices,miox=11111111111111111111,mioy=11111111111111111111,mre=11111111111111111111,cps=11*
)

Processing:$ackid=1-nadm-unds,status,devices,miox=11111111111111111111,mioy=11111111111111111111,mre=11111111111111111111,cps=11*

ackid received:1-nadm-unds

rsp changed to:$ackid=1-nadm-unds,status,devices,miox=11111111111111111111,mioy=11111111111111111111,mre=11111111111111111111,cps=11,backplane=IAMAMIOXUUIDTHATYOUCANTDECODE*

url API:http://localhost/workspaces/CURRENT/em/ipcDispatch.php
POST /workspaces/CURRENT/em/ipcDispatch.php HTTP/1.1
Host: localhost
Content-Type: application/x-www-form-urlencoded
Content-Length: 242
Connection: Close

user=SYSTEM&api=ipcNodeOpe&act=EXEC_RESP&node=1&hwRsp=%24ackid%3D1-nadm-unds%2Cstatus%2Cdevices%2Cmiox%3D11111111111111111111%2Cmioy%3D11111111111111111111%2Cmre%3D11111111111111111111%2Ccps%3D11%2Cbackplane%3DIAMAMIOXUUIDTHATYOUCANTDECODE%2A

Response from API:{"rslt":"success","reason":"NODE DEVICES UPDATED"}

lostconn:0

CPS loop sends the status cmd:
Array
(
    [0] => $status,source=all,ackid=1-cps-csta*
    [1] => $status,source=devices,ackid=1-nadm-unds*
    [2] => $ackid=1-cps-csta,status,current=1239mA,voltage=45678mV*
    [3] => $ackid=1-cps-csta,status,voltage1=46587mV,voltage2=47982mV,voltage3=48765mV,voltage4=49234mV*
    [4] => $ackid=1-cps-csta,status,temperature,zone1=67C,zone2=65C,zone3=66C,zone4=68C*
)

Processing:$ackid=1-cps-csta,status,current=1239mA,voltage=45678mV*

ackid received:1-cps-csta

rsp changed to:$ackid=1-cps-csta,status,current=1239mA,voltage=45678mV,backplane=IAMAMIOXUUIDTHATYOUCANTDECODE*

url API:http://localhost/workspaces/CURRENT/em/ipcDispatch.php
POST /workspaces/CURRENT/em/ipcDispatch.php HTTP/1.1
Host: localhost
Content-Type: application/x-www-form-urlencoded
Content-Length: 170
Connection: Close

user=SYSTEM&api=ipcNodeOpe&act=EXEC_RESP&node=1&hwRsp=%24ackid%3D1-cps-csta%2Cstatus%2Ccurrent%3D1239mA%2Cvoltage%3D45678mV%2Cbackplane%3DIAMAMIOXUUIDTHATYOUCANTDECODE%2A

Response from API:{"rslt":"success","reason":"VOLTAGE ALARM UPDATE SUCCESS"}

Processing:$ackid=1-cps-csta,status,voltage1=46587mV,voltage2=47982mV,voltage3=48765mV,voltage4=49234mV*

ackid received:1-cps-csta

rsp changed to:$ackid=1-cps-csta,status,voltage1=46587mV,voltage2=47982mV,voltage3=48765mV,voltage4=49234mV,backplane=IAMAMIOXUUIDTHATYOUCANTDECODE*

url API:http://localhost/workspaces/CURRENT/em/ipcDispatch.php
POST /workspaces/CURRENT/em/ipcDispatch.php HTTP/1.1
Host: localhost
Content-Type: application/x-www-form-urlencoded
Content-Length: 215
Connection: Close

user=SYSTEM&api=ipcNodeOpe&act=EXEC_RESP&node=1&hwRsp=%24ackid%3D1-cps-csta%2Cstatus%2Cvoltage1%3D46587mV%2Cvoltage2%3D47982mV%2Cvoltage3%3D48765mV%2Cvoltage4%3D49234mV%2Cbackplane%3DIAMAMIOXUUIDTHATYOUCANTDECODE%2A

Response from API:{"rslt":"success","reason":"VOLTAGE ALARM UPDATE SUCCESS"}

Processing:$ackid=1-cps-csta,status,temperature,zone1=67C,zone2=65C,zone3=66C,zone4=68C*

ackid received:1-cps-csta

rsp changed to:$ackid=1-cps-csta,status,temperature,zone1=67C,zone2=65C,zone3=66C,zone4=68C,backplane=IAMAMIOXUUIDTHATYOUCANTDECODE*

url API:http://localhost/workspaces/CURRENT/em/ipcDispatch.php
POST /workspaces/CURRENT/em/ipcDispatch.php HTTP/1.1
Host: localhost
Content-Type: application/x-www-form-urlencoded
Content-Length: 201
Connection: Close

user=SYSTEM&api=ipcNodeOpe&act=EXEC_RESP&node=1&hwRsp=%24ackid%3D1-cps-csta%2Cstatus%2Ctemperature%2Czone1%3D67C%2Czone2%3D65C%2Czone3%3D66C%2Czone4%3D68C%2Cbackplane%3DIAMAMIOXUUIDTHATYOUCANTDECODE%2A

Response from API:{"rslt":"success","reason":"TEMP ALARM UPDATE SUCCESS"}
Array
(
    [0] => $ackid=1-nadm-unds,status,devices,miox=11111111111111111111,mioy=11111111111111111111,mre=11111111111111111111,cps=11*
)

Processing:$ackid=1-nadm-unds,status,devices,miox=11111111111111111111,mioy=11111111111111111111,mre=11111111111111111111,cps=11*

ackid received:1-nadm-unds

rsp changed to:$ackid=1-nadm-unds,status,devices,miox=11111111111111111111,mioy=11111111111111111111,mre=11111111111111111111,cps=11,backplane=IAMAMIOXUUIDTHATYOUCANTDECODE*

url API:http://localhost/workspaces/CURRENT/em/ipcDispatch.php
POST /workspaces/CURRENT/em/ipcDispatch.php HTTP/1.1
Host: localhost
Content-Type: application/x-www-form-urlencoded
Content-Length: 242
Connection: Close

user=SYSTEM&api=ipcNodeOpe&act=EXEC_RESP&node=1&hwRsp=%24ackid%3D1-nadm-unds%2Cstatus%2Cdevices%2Cmiox%3D11111111111111111111%2Cmioy%3D11111111111111111111%2Cmre%3D11111111111111111111%2Ccps%3D11%2Cbackplane%3DIAMAMIOXUUIDTHATYOUCANTDECODE%2A

Response from API:{"rslt":"success","reason":"NODE DEVICES UPDATED"}

lostconn:0

CPS loop sends the status cmd:
Array
(
    [0] => $status,source=all,ackid=1-cps-csta*
    [1] => $status,source=devices,ackid=1-nadm-unds*
    [2] => $ackid=1-cps-csta,status,current=1239mA,voltage=45678mV*
    [3] => $ackid=1-cps-csta,status,voltage1=46587mV,voltage2=47982mV,voltage3=48765mV,voltage4=49234mV*
    [4] => $ackid=1-cps-csta,status,temperature,zone1=67C,zone2=65C,zone3=66C,zone4=68C*
)

Processing:$ackid=1-cps-csta,status,current=1239mA,voltage=45678mV*

ackid received:1-cps-csta

rsp changed to:$ackid=1-cps-csta,status,current=1239mA,voltage=45678mV,backplane=IAMAMIOXUUIDTHATYOUCANTDECODE*

url API:http://localhost/workspaces/CURRENT/em/ipcDispatch.php
POST /workspaces/CURRENT/em/ipcDispatch.php HTTP/1.1
Host: localhost
Content-Type: application/x-www-form-urlencoded
Content-Length: 170
Connection: Close

user=SYSTEM&api=ipcNodeOpe&act=EXEC_RESP&node=1&hwRsp=%24ackid%3D1-cps-csta%2Cstatus%2Ccurrent%3D1239mA%2Cvoltage%3D45678mV%2Cbackplane%3DIAMAMIOXUUIDTHATYOUCANTDECODE%2A

Response from API:{"rslt":"success","reason":"VOLTAGE ALARM UPDATE SUCCESS"}

Processing:$ackid=1-cps-csta,status,voltage1=46587mV,voltage2=47982mV,voltage3=48765mV,voltage4=49234mV*

ackid received:1-cps-csta

rsp changed to:$ackid=1-cps-csta,status,voltage1=46587mV,voltage2=47982mV,voltage3=48765mV,voltage4=49234mV,backplane=IAMAMIOXUUIDTHATYOUCANTDECODE*

url API:http://localhost/workspaces/CURRENT/em/ipcDispatch.php
POST /workspaces/CURRENT/em/ipcDispatch.php HTTP/1.1
Host: localhost
Content-Type: application/x-www-form-urlencoded
Content-Length: 215
Connection: Close

user=SYSTEM&api=ipcNodeOpe&act=EXEC_RESP&node=1&hwRsp=%24ackid%3D1-cps-csta%2Cstatus%2Cvoltage1%3D46587mV%2Cvoltage2%3D47982mV%2Cvoltage3%3D48765mV%2Cvoltage4%3D49234mV%2Cbackplane%3DIAMAMIOXUUIDTHATYOUCANTDECODE%2A

Response from API:{"rslt":"success","reason":"VOLTAGE ALARM UPDATE SUCCESS"}

Processing:$ackid=1-cps-csta,status,temperature,zone1=67C,zone2=65C,zone3=66C,zone4=68C*

ackid received:1-cps-csta

rsp changed to:$ackid=1-cps-csta,status,temperature,zone1=67C,zone2=65C,zone3=66C,zone4=68C,backplane=IAMAMIOXUUIDTHATYOUCANTDECODE*

url API:http://localhost/workspaces/CURRENT/em/ipcDispatch.php
POST /workspaces/CURRENT/em/ipcDispatch.php HTTP/1.1
Host: localhost
Content-Type: application/x-www-form-urlencoded
Content-Length: 201
Connection: Close

user=SYSTEM&api=ipcNodeOpe&act=EXEC_RESP&node=1&hwRsp=%24ackid%3D1-cps-csta%2Cstatus%2Ctemperature%2Czone1%3D67C%2Czone2%3D65C%2Czone3%3D66C%2Czone4%3D68C%2Cbackplane%3DIAMAMIOXUUIDTHATYOUCANTDECODE%2A

Response from API:{"rslt":"success","reason":"TEMP ALARM UPDATE SUCCESS"}
Array
(
    [0] => $ackid=1-nadm-unds,status,devices,miox=11111111111111111111,mioy=11111111111111111111,mre=11111111111111111111,cps=11*
)

Processing:$ackid=1-nadm-unds,status,devices,miox=11111111111111111111,mioy=11111111111111111111,mre=11111111111111111111,cps=11*

ackid received:1-nadm-unds

rsp changed to:$ackid=1-nadm-unds,status,devices,miox=11111111111111111111,mioy=11111111111111111111,mre=11111111111111111111,cps=11,backplane=IAMAMIOXUUIDTHATYOUCANTDECODE*

url API:http://localhost/workspaces/CURRENT/em/ipcDispatch.php
POST /workspaces/CURRENT/em/ipcDispatch.php HTTP/1.1
Host: localhost
Content-Type: application/x-www-form-urlencoded
Content-Length: 242
Connection: Close

user=SYSTEM&api=ipcNodeOpe&act=EXEC_RESP&node=1&hwRsp=%24ackid%3D1-nadm-unds%2Cstatus%2Cdevices%2Cmiox%3D11111111111111111111%2Cmioy%3D11111111111111111111%2Cmre%3D11111111111111111111%2Ccps%3D11%2Cbackplane%3DIAMAMIOXUUIDTHATYOUCANTDECODE%2A

Response from API:{"rslt":"success","reason":"NODE DEVICES UPDATED"}

lostconn:0

CPS loop sends the status cmd:
Array
(
    [0] => $status,source=all,ackid=1-cps-csta*
    [1] => $status,source=devices,ackid=1-nadm-unds*
    [2] => $ackid=1-cps-csta,status,current=1239mA,voltage=45678mV*
    [3] => $ackid=1-cps-csta,status,voltage1=46587mV,voltage2=47982mV,voltage3=48765mV,voltage4=49234mV*
    [4] => $ackid=1-cps-csta,status,temperature,zone1=67C,zone2=65C,zone3=66C,zone4=68C*
)

Processing:$ackid=1-cps-csta,status,current=1239mA,voltage=45678mV*

ackid received:1-cps-csta

rsp changed to:$ackid=1-cps-csta,status,current=1239mA,voltage=45678mV,backplane=IAMAMIOXUUIDTHATYOUCANTDECODE*

url API:http://localhost/workspaces/CURRENT/em/ipcDispatch.php
POST /workspaces/CURRENT/em/ipcDispatch.php HTTP/1.1
Host: localhost
Content-Type: application/x-www-form-urlencoded
Content-Length: 170
Connection: Close

user=SYSTEM&api=ipcNodeOpe&act=EXEC_RESP&node=1&hwRsp=%24ackid%3D1-cps-csta%2Cstatus%2Ccurrent%3D1239mA%2Cvoltage%3D45678mV%2Cbackplane%3DIAMAMIOXUUIDTHATYOUCANTDECODE%2A

Response from API:{"rslt":"success","reason":"VOLTAGE ALARM UPDATE SUCCESS"}

Processing:$ackid=1-cps-csta,status,voltage1=46587mV,voltage2=47982mV,voltage3=48765mV,voltage4=49234mV*

ackid received:1-cps-csta

rsp changed to:$ackid=1-cps-csta,status,voltage1=46587mV,voltage2=47982mV,voltage3=48765mV,voltage4=49234mV,backplane=IAMAMIOXUUIDTHATYOUCANTDECODE*

url API:http://localhost/workspaces/CURRENT/em/ipcDispatch.php
POST /workspaces/CURRENT/em/ipcDispatch.php HTTP/1.1
Host: localhost
Content-Type: application/x-www-form-urlencoded
Content-Length: 215
Connection: Close

user=SYSTEM&api=ipcNodeOpe&act=EXEC_RESP&node=1&hwRsp=%24ackid%3D1-cps-csta%2Cstatus%2Cvoltage1%3D46587mV%2Cvoltage2%3D47982mV%2Cvoltage3%3D48765mV%2Cvoltage4%3D49234mV%2Cbackplane%3DIAMAMIOXUUIDTHATYOUCANTDECODE%2A

Response from API:{"rslt":"success","reason":"VOLTAGE ALARM UPDATE SUCCESS"}

Processing:$ackid=1-cps-csta,status,temperature,zone1=67C,zone2=65C,zone3=66C,zone4=68C*

ackid received:1-cps-csta

rsp changed to:$ackid=1-cps-csta,status,temperature,zone1=67C,zone2=65C,zone3=66C,zone4=68C,backplane=IAMAMIOXUUIDTHATYOUCANTDECODE*

url API:http://localhost/workspaces/CURRENT/em/ipcDispatch.php
POST /workspaces/CURRENT/em/ipcDispatch.php HTTP/1.1
Host: localhost
Content-Type: application/x-www-form-urlencoded
Content-Length: 201
Connection: Close

user=SYSTEM&api=ipcNodeOpe&act=EXEC_RESP&node=1&hwRsp=%24ackid%3D1-cps-csta%2Cstatus%2Ctemperature%2Czone1%3D67C%2Czone2%3D65C%2Czone3%3D66C%2Czone4%3D68C%2Cbackplane%3DIAMAMIOXUUIDTHATYOUCANTDECODE%2A

Response from API:{"rslt":"success","reason":"TEMP ALARM UPDATE SUCCESS"}
Array
(
    [0] => $ackid=1-nadm-unds,status,devices,miox=11111111111111111111,mioy=11111111111111111111,mre=11111111111111111111,cps=11*
)

Processing:$ackid=1-nadm-unds,status,devices,miox=11111111111111111111,mioy=11111111111111111111,mre=11111111111111111111,cps=11*

ackid received:1-nadm-unds

rsp changed to:$ackid=1-nadm-unds,status,devices,miox=11111111111111111111,mioy=11111111111111111111,mre=11111111111111111111,cps=11,backplane=IAMAMIOXUUIDTHATYOUCANTDECODE*

url API:http://localhost/workspaces/CURRENT/em/ipcDispatch.php
POST /workspaces/CURRENT/em/ipcDispatch.php HTTP/1.1
Host: localhost
Content-Type: application/x-www-form-urlencoded
Content-Length: 242
Connection: Close

user=SYSTEM&api=ipcNodeOpe&act=EXEC_RESP&node=1&hwRsp=%24ackid%3D1-nadm-unds%2Cstatus%2Cdevices%2Cmiox%3D11111111111111111111%2Cmioy%3D11111111111111111111%2Cmre%3D11111111111111111111%2Ccps%3D11%2Cbackplane%3DIAMAMIOXUUIDTHATYOUCANTDECODE%2A

Response from API:{"rslt":"success","reason":"NODE DEVICES UPDATED"}

lostconn:0

CPS loop sends the status cmd:
Array
(
    [0] => $status,source=all,ackid=1-cps-csta*
    [1] => $status,source=devices,ackid=1-nadm-unds*
    [2] => $ackid=1-cps-csta,status,current=1239mA,voltage=45678mV*
    [3] => $ackid=1-cps-csta,status,voltage1=46587mV,voltage2=47982mV,voltage3=48765mV,voltage4=49234mV*
    [4] => $ackid=1-cps-csta,status,temperature,zone1=67C,zone2=65C,zone3=66C,zone4=68C*
)

Processing:$ackid=1-cps-csta,status,current=1239mA,voltage=45678mV*

ackid received:1-cps-csta

rsp changed to:$ackid=1-cps-csta,status,current=1239mA,voltage=45678mV,backplane=IAMAMIOXUUIDTHATYOUCANTDECODE*

url API:http://localhost/workspaces/CURRENT/em/ipcDispatch.php
POST /workspaces/CURRENT/em/ipcDispatch.php HTTP/1.1
Host: localhost
Content-Type: application/x-www-form-urlencoded
Content-Length: 170
Connection: Close

user=SYSTEM&api=ipcNodeOpe&act=EXEC_RESP&node=1&hwRsp=%24ackid%3D1-cps-csta%2Cstatus%2Ccurrent%3D1239mA%2Cvoltage%3D45678mV%2Cbackplane%3DIAMAMIOXUUIDTHATYOUCANTDECODE%2A

Response from API:{"rslt":"success","reason":"VOLTAGE ALARM UPDATE SUCCESS"}

Processing:$ackid=1-cps-csta,status,voltage1=46587mV,voltage2=47982mV,voltage3=48765mV,voltage4=49234mV*

ackid received:1-cps-csta

rsp changed to:$ackid=1-cps-csta,status,voltage1=46587mV,voltage2=47982mV,voltage3=48765mV,voltage4=49234mV,backplane=IAMAMIOXUUIDTHATYOUCANTDECODE*

url API:http://localhost/workspaces/CURRENT/em/ipcDispatch.php
POST /workspaces/CURRENT/em/ipcDispatch.php HTTP/1.1
Host: localhost
Content-Type: application/x-www-form-urlencoded
Content-Length: 215
Connection: Close

user=SYSTEM&api=ipcNodeOpe&act=EXEC_RESP&node=1&hwRsp=%24ackid%3D1-cps-csta%2Cstatus%2Cvoltage1%3D46587mV%2Cvoltage2%3D47982mV%2Cvoltage3%3D48765mV%2Cvoltage4%3D49234mV%2Cbackplane%3DIAMAMIOXUUIDTHATYOUCANTDECODE%2A

Response from API:{"rslt":"success","reason":"VOLTAGE ALARM UPDATE SUCCESS"}

Processing:$ackid=1-cps-csta,status,temperature,zone1=67C,zone2=65C,zone3=66C,zone4=68C*

ackid received:1-cps-csta

rsp changed to:$ackid=1-cps-csta,status,temperature,zone1=67C,zone2=65C,zone3=66C,zone4=68C,backplane=IAMAMIOXUUIDTHATYOUCANTDECODE*

url API:http://localhost/workspaces/CURRENT/em/ipcDispatch.php
POST /workspaces/CURRENT/em/ipcDispatch.php HTTP/1.1
Host: localhost
Content-Type: application/x-www-form-urlencoded
Content-Length: 201
Connection: Close

user=SYSTEM&api=ipcNodeOpe&act=EXEC_RESP&node=1&hwRsp=%24ackid%3D1-cps-csta%2Cstatus%2Ctemperature%2Czone1%3D67C%2Czone2%3D65C%2Czone3%3D66C%2Czone4%3D68C%2Cbackplane%3DIAMAMIOXUUIDTHATYOUCANTDECODE%2A

Response from API:{"rslt":"success","reason":"TEMP ALARM UPDATE SUCCESS"}
Array
(
    [0] => $ackid=1-nadm-unds,status,devices,miox=11111111111111111111,mioy=11111111111111111111,mre=11111111111111111111,cps=11*
)

Processing:$ackid=1-nadm-unds,status,devices,miox=11111111111111111111,mioy=11111111111111111111,mre=11111111111111111111,cps=11*

ackid received:1-nadm-unds

rsp changed to:$ackid=1-nadm-unds,status,devices,miox=11111111111111111111,mioy=11111111111111111111,mre=11111111111111111111,cps=11,backplane=IAMAMIOXUUIDTHATYOUCANTDECODE*

url API:http://localhost/workspaces/CURRENT/em/ipcDispatch.php
POST /workspaces/CURRENT/em/ipcDispatch.php HTTP/1.1
Host: localhost
Content-Type: application/x-www-form-urlencoded
Content-Length: 242
Connection: Close

user=SYSTEM&api=ipcNodeOpe&act=EXEC_RESP&node=1&hwRsp=%24ackid%3D1-nadm-unds%2Cstatus%2Cdevices%2Cmiox%3D11111111111111111111%2Cmioy%3D11111111111111111111%2Cmre%3D11111111111111111111%2Ccps%3D11%2Cbackplane%3DIAMAMIOXUUIDTHATYOUCANTDECODE%2A

Response from API:{"rslt":"success","reason":"NODE DEVICES UPDATED"}

lostconn:0

CPS loop sends the status cmd:
Array
(
    [0] => $status,source=all,ackid=1-cps-csta*
    [1] => $status,source=devices,ackid=1-nadm-unds*
    [2] => $ackid=1-cps-csta,status,current=1239mA,voltage=45678mV*
    [3] => $ackid=1-cps-csta,status,voltage1=46587mV,voltage2=47982mV,voltage3=48765mV,voltage4=49234mV*
    [4] => $ackid=1-cps-csta,status,temperature,zone1=67C,zone2=65C,zone3=66C,zone4=68C*
)

Processing:$ackid=1-cps-csta,status,current=1239mA,voltage=45678mV*

ackid received:1-cps-csta

rsp changed to:$ackid=1-cps-csta,status,current=1239mA,voltage=45678mV,backplane=IAMAMIOXUUIDTHATYOUCANTDECODE*

url API:http://localhost/workspaces/CURRENT/em/ipcDispatch.php
POST /workspaces/CURRENT/em/ipcDispatch.php HTTP/1.1
Host: localhost
Content-Type: application/x-www-form-urlencoded
Content-Length: 170
Connection: Close

user=SYSTEM&api=ipcNodeOpe&act=EXEC_RESP&node=1&hwRsp=%24ackid%3D1-cps-csta%2Cstatus%2Ccurrent%3D1239mA%2Cvoltage%3D45678mV%2Cbackplane%3DIAMAMIOXUUIDTHATYOUCANTDECODE%2A

Response from API:{"rslt":"success","reason":"VOLTAGE ALARM UPDATE SUCCESS"}

Processing:$ackid=1-cps-csta,status,voltage1=46587mV,voltage2=47982mV,voltage3=48765mV,voltage4=49234mV*

ackid received:1-cps-csta

rsp changed to:$ackid=1-cps-csta,status,voltage1=46587mV,voltage2=47982mV,voltage3=48765mV,voltage4=49234mV,backplane=IAMAMIOXUUIDTHATYOUCANTDECODE*

url API:http://localhost/workspaces/CURRENT/em/ipcDispatch.php
POST /workspaces/CURRENT/em/ipcDispatch.php HTTP/1.1
Host: localhost
Content-Type: application/x-www-form-urlencoded
Content-Length: 215
Connection: Close

user=SYSTEM&api=ipcNodeOpe&act=EXEC_RESP&node=1&hwRsp=%24ackid%3D1-cps-csta%2Cstatus%2Cvoltage1%3D46587mV%2Cvoltage2%3D47982mV%2Cvoltage3%3D48765mV%2Cvoltage4%3D49234mV%2Cbackplane%3DIAMAMIOXUUIDTHATYOUCANTDECODE%2A

Response from API:{"rslt":"success","reason":"VOLTAGE ALARM UPDATE SUCCESS"}

Processing:$ackid=1-cps-csta,status,temperature,zone1=67C,zone2=65C,zone3=66C,zone4=68C*

ackid received:1-cps-csta

rsp changed to:$ackid=1-cps-csta,status,temperature,zone1=67C,zone2=65C,zone3=66C,zone4=68C,backplane=IAMAMIOXUUIDTHATYOUCANTDECODE*

url API:http://localhost/workspaces/CURRENT/em/ipcDispatch.php
POST /workspaces/CURRENT/em/ipcDispatch.php HTTP/1.1
Host: localhost
Content-Type: application/x-www-form-urlencoded
Content-Length: 201
Connection: Close

user=SYSTEM&api=ipcNodeOpe&act=EXEC_RESP&node=1&hwRsp=%24ackid%3D1-cps-csta%2Cstatus%2Ctemperature%2Czone1%3D67C%2Czone2%3D65C%2Czone3%3D66C%2Czone4%3D68C%2Cbackplane%3DIAMAMIOXUUIDTHATYOUCANTDECODE%2A

Response from API:{"rslt":"success","reason":"TEMP ALARM UPDATE SUCCESS"}
Array
(
    [0] => $ackid=1-nadm-unds,status,devices,miox=11111111111111111111,mioy=11111111111111111111,mre=11111111111111111111,cps=11*
)

Processing:$ackid=1-nadm-unds,status,devices,miox=11111111111111111111,mioy=11111111111111111111,mre=11111111111111111111,cps=11*

ackid received:1-nadm-unds

rsp changed to:$ackid=1-nadm-unds,status,devices,miox=11111111111111111111,mioy=11111111111111111111,mre=11111111111111111111,cps=11,backplane=IAMAMIOXUUIDTHATYOUCANTDECODE*

url API:http://localhost/workspaces/CURRENT/em/ipcDispatch.php
POST /workspaces/CURRENT/em/ipcDispatch.php HTTP/1.1
Host: localhost
Content-Type: application/x-www-form-urlencoded
Content-Length: 242
Connection: Close

user=SYSTEM&api=ipcNodeOpe&act=EXEC_RESP&node=1&hwRsp=%24ackid%3D1-nadm-unds%2Cstatus%2Cdevices%2Cmiox%3D11111111111111111111%2Cmioy%3D11111111111111111111%2Cmre%3D11111111111111111111%2Ccps%3D11%2Cbackplane%3DIAMAMIOXUUIDTHATYOUCANTDECODE%2A

Response from API:{"rslt":"success","reason":"NODE DEVICES UPDATED"}

lostconn:0

CPS loop sends the status cmd:
Array
(
    [0] => $status,source=all,ackid=1-cps-csta*
    [1] => $status,source=devices,ackid=1-nadm-unds*
    [2] => $ackid=1-cps-csta,status,current=1239mA,voltage=45678mV*
    [3] => $ackid=1-cps-csta,status,voltage1=46587mV,voltage2=47982mV,voltage3=48765mV,voltage4=49234mV*
    [4] => $ackid=1-cps-csta,status,temperature,zone1=67C,zone2=65C,zone3=66C,zone4=68C*
)

Processing:$ackid=1-cps-csta,status,current=1239mA,voltage=45678mV*

ackid received:1-cps-csta

rsp changed to:$ackid=1-cps-csta,status,current=1239mA,voltage=45678mV,backplane=IAMAMIOXUUIDTHATYOUCANTDECODE*

url API:http://localhost/workspaces/CURRENT/em/ipcDispatch.php
POST /workspaces/CURRENT/em/ipcDispatch.php HTTP/1.1
Host: localhost
Content-Type: application/x-www-form-urlencoded
Content-Length: 170
Connection: Close

user=SYSTEM&api=ipcNodeOpe&act=EXEC_RESP&node=1&hwRsp=%24ackid%3D1-cps-csta%2Cstatus%2Ccurrent%3D1239mA%2Cvoltage%3D45678mV%2Cbackplane%3DIAMAMIOXUUIDTHATYOUCANTDECODE%2A

Response from API:{"rslt":"success","reason":"VOLTAGE ALARM UPDATE SUCCESS"}

Processing:$ackid=1-cps-csta,status,voltage1=46587mV,voltage2=47982mV,voltage3=48765mV,voltage4=49234mV*

ackid received:1-cps-csta

rsp changed to:$ackid=1-cps-csta,status,voltage1=46587mV,voltage2=47982mV,voltage3=48765mV,voltage4=49234mV,backplane=IAMAMIOXUUIDTHATYOUCANTDECODE*

url API:http://localhost/workspaces/CURRENT/em/ipcDispatch.php
POST /workspaces/CURRENT/em/ipcDispatch.php HTTP/1.1
Host: localhost
Content-Type: application/x-www-form-urlencoded
Content-Length: 215
Connection: Close

user=SYSTEM&api=ipcNodeOpe&act=EXEC_RESP&node=1&hwRsp=%24ackid%3D1-cps-csta%2Cstatus%2Cvoltage1%3D46587mV%2Cvoltage2%3D47982mV%2Cvoltage3%3D48765mV%2Cvoltage4%3D49234mV%2Cbackplane%3DIAMAMIOXUUIDTHATYOUCANTDECODE%2A

Response from API:{"rslt":"success","reason":"VOLTAGE ALARM UPDATE SUCCESS"}

Processing:$ackid=1-cps-csta,status,temperature,zone1=67C,zone2=65C,zone3=66C,zone4=68C*

ackid received:1-cps-csta

rsp changed to:$ackid=1-cps-csta,status,temperature,zone1=67C,zone2=65C,zone3=66C,zone4=68C,backplane=IAMAMIOXUUIDTHATYOUCANTDECODE*

url API:http://localhost/workspaces/CURRENT/em/ipcDispatch.php
POST /workspaces/CURRENT/em/ipcDispatch.php HTTP/1.1
Host: localhost
Content-Type: application/x-www-form-urlencoded
Content-Length: 201
Connection: Close

user=SYSTEM&api=ipcNodeOpe&act=EXEC_RESP&node=1&hwRsp=%24ackid%3D1-cps-csta%2Cstatus%2Ctemperature%2Czone1%3D67C%2Czone2%3D65C%2Czone3%3D66C%2Czone4%3D68C%2Cbackplane%3DIAMAMIOXUUIDTHATYOUCANTDECODE%2A

Response from API:{"rslt":"success","reason":"TEMP ALARM UPDATE SUCCESS"}
Array
(
    [0] => $ackid=1-nadm-unds,status,devices,miox=11111111111111111111,mioy=11111111111111111111,mre=11111111111111111111,cps=11*
)

Processing:$ackid=1-nadm-unds,status,devices,miox=11111111111111111111,mioy=11111111111111111111,mre=11111111111111111111,cps=11*

ackid received:1-nadm-unds

rsp changed to:$ackid=1-nadm-unds,status,devices,miox=11111111111111111111,mioy=11111111111111111111,mre=11111111111111111111,cps=11,backplane=IAMAMIOXUUIDTHATYOUCANTDECODE*

url API:http://localhost/workspaces/CURRENT/em/ipcDispatch.php
POST /workspaces/CURRENT/em/ipcDispatch.php HTTP/1.1
Host: localhost
Content-Type: application/x-www-form-urlencoded
Content-Length: 242
Connection: Close

user=SYSTEM&api=ipcNodeOpe&act=EXEC_RESP&node=1&hwRsp=%24ackid%3D1-nadm-unds%2Cstatus%2Cdevices%2Cmiox%3D11111111111111111111%2Cmioy%3D11111111111111111111%2Cmre%3D11111111111111111111%2Ccps%3D11%2Cbackplane%3DIAMAMIOXUUIDTHATYOUCANTDECODE%2A

Response from API:{"rslt":"success","reason":"NODE DEVICES UPDATED"}

-----------------BEGIN OF CPSLOOP-----------------

creating UPD server.....

===CMD receive from API: inst=DISCV_CPS,node=1,dev=ttyUSB0,sn=,cmd=$status,source=uuid,device=backplane,ackid=1-cps-dcvd*
Convert updmsg to array:
Array
(
    [inst] => DISCV_CPS
    [node] => 1
    [dev] => ttyUSB0
    [sn] => 
    [cmd] => $status,source=uuid,device=backplane,ackid=1-cps-dcvd*
)

Cmd changed to:$status,source=uuid,device=miox,ackid=1-cps-dcvd*
creating serial client....
Array
(
    [0] => $status,source=uuid,device=miox,ackid=1-cps-dcvd*
)
Array
(
    [0] => $ackid=1-cps-dcvd,status,device=miox(0),uuid=IAMAMIOXUUIDTHATYOUCANTDECODE*
)

Process this response to get sn:$ackid=1-cps-dcvd,status,device=miox(0),uuid=IAMAMIOXUUIDTHATYOUCANTDECODE*

Serial number: IAMAMIOXUUIDTHATYOUCANTDECODE
Array
(
    [0] => $ackid=1-cps-dcvd,status,device=miox(0),uuid=IAMAMIOXUUIDTHATYOUCANTDECODE*
)

Processing:$ackid=1-cps-dcvd,status,device=miox(0),uuid=IAMAMIOXUUIDTHATYOUCANTDECODE*

ackid received:1-cps-dcvd

rsp changed to:$ackid=1-cps-dcvd,status,device=miox(0),uuid=IAMAMIOXUUIDTHATYOUCANTDECODE,backplane=IAMAMIOXUUIDTHATYOUCANTDECODE*

url API:http://localhost/workspaces/CURRENT/em/ipcDispatch.php
POST /workspaces/CURRENT/em/ipcDispatch.php HTTP/1.1
Host: localhost
Content-Type: application/x-www-form-urlencoded
Content-Length: 193
Connection: Close

user=SYSTEM&api=ipcNodeOpe&act=EXEC_RESP&node=1&hwRsp=%24ackid%3D1-cps-dcvd%2Cstatus%2Cdevice%3Dmiox%280%29%2Cuuid%3DIAMAMIOXUUIDTHATYOUCANTDECODE%2Cbackplane%3DIAMAMIOXUUIDTHATYOUCANTDECODE%2A

Response from API:{"rslt":"success","reason":"SERIAL NUMBER UPDATED"}

===CMD receive from API: inst=START_CPS,sn=IAMAMIOXUUIDTHATYOUCANTDECODE,cmd=$status,source=all,ackid=1-cps-csta*$status,source=devices,ackid=1-nadm-unds*
Convert updmsg to array:
Array
(
    [inst] => START_CPS
    [sn] => IAMAMIOXUUIDTHATYOUCANTDECODE
    [cmd] => $status,source=all,ackid=1-cps-csta*$status,source=devices,ackid=1-nadm-unds*
)


CPS loop sends the status cmd:
Array
(
    [0] => $status,source=all,ackid=1-cps-csta*
    [1] => $status,source=devices,ackid=1-nadm-unds*
    [2] => $status,source=all,ackid=1-cps-csta*
    [3] => $ackid=1-cps-csta,status,current=1239mA,voltage=45678mV*
    [4] => $status,source=devices,ackid=1-nadm-unds*
    [5] => $ackid=1-cps-csta,status,voltage1=46587mV,voltage2=47982mV,voltage3=48765mV,voltage4=49234mV*
    [6] => $ackid=1-cps-csta,status,temperature,zone1=67C,zone2=65C,zone3=66C,zone4=68C*
)

Processing:$ackid=1-cps-csta,status,current=1239mA,voltage=45678mV*

ackid received:1-cps-csta

rsp changed to:$ackid=1-cps-csta,status,current=1239mA,voltage=45678mV,backplane=IAMAMIOXUUIDTHATYOUCANTDECODE*

url API:http://localhost/workspaces/CURRENT/em/ipcDispatch.php
POST /workspaces/CURRENT/em/ipcDispatch.php HTTP/1.1
Host: localhost
Content-Type: application/x-www-form-urlencoded
Content-Length: 170
Connection: Close

user=SYSTEM&api=ipcNodeOpe&act=EXEC_RESP&node=1&hwRsp=%24ackid%3D1-cps-csta%2Cstatus%2Ccurrent%3D1239mA%2Cvoltage%3D45678mV%2Cbackplane%3DIAMAMIOXUUIDTHATYOUCANTDECODE%2A

Response from API:{"rslt":"success","reason":"VOLTAGE ALARM UPDATE SUCCESS"}

Processing:$ackid=1-cps-csta,status,voltage1=46587mV,voltage2=47982mV,voltage3=48765mV,voltage4=49234mV*

ackid received:1-cps-csta

rsp changed to:$ackid=1-cps-csta,status,voltage1=46587mV,voltage2=47982mV,voltage3=48765mV,voltage4=49234mV,backplane=IAMAMIOXUUIDTHATYOUCANTDECODE*

url API:http://localhost/workspaces/CURRENT/em/ipcDispatch.php
POST /workspaces/CURRENT/em/ipcDispatch.php HTTP/1.1
Host: localhost
Content-Type: application/x-www-form-urlencoded
Content-Length: 215
Connection: Close

user=SYSTEM&api=ipcNodeOpe&act=EXEC_RESP&node=1&hwRsp=%24ackid%3D1-cps-csta%2Cstatus%2Cvoltage1%3D46587mV%2Cvoltage2%3D47982mV%2Cvoltage3%3D48765mV%2Cvoltage4%3D49234mV%2Cbackplane%3DIAMAMIOXUUIDTHATYOUCANTDECODE%2A

Response from API:{"rslt":"success","reason":"VOLTAGE ALARM UPDATE SUCCESS"}

Processing:$ackid=1-cps-csta,status,temperature,zone1=67C,zone2=65C,zone3=66C,zone4=68C*

ackid received:1-cps-csta

rsp changed to:$ackid=1-cps-csta,status,temperature,zone1=67C,zone2=65C,zone3=66C,zone4=68C,backplane=IAMAMIOXUUIDTHATYOUCANTDECODE*

url API:http://localhost/workspaces/CURRENT/em/ipcDispatch.php
POST /workspaces/CURRENT/em/ipcDispatch.php HTTP/1.1
Host: localhost
Content-Type: application/x-www-form-urlencoded
Content-Length: 201
Connection: Close

user=SYSTEM&api=ipcNodeOpe&act=EXEC_RESP&node=1&hwRsp=%24ackid%3D1-cps-csta%2Cstatus%2Ctemperature%2Czone1%3D67C%2Czone2%3D65C%2Czone3%3D66C%2Czone4%3D68C%2Cbackplane%3DIAMAMIOXUUIDTHATYOUCANTDECODE%2A

Response from API:{"rslt":"success","reason":"TEMP ALARM UPDATE SUCCESS"}
Array
(
    [0] => $ackid=1-nadm-unds,status,devices,miox=11111111111111111111,mioy=11111111111111111111,mre=11111111111111111111,cps=11*
)

Processing:$ackid=1-nadm-unds,status,devices,miox=11111111111111111111,mioy=11111111111111111111,mre=11111111111111111111,cps=11*

ackid received:1-nadm-unds

rsp changed to:$ackid=1-nadm-unds,status,devices,miox=11111111111111111111,mioy=11111111111111111111,mre=11111111111111111111,cps=11,backplane=IAMAMIOXUUIDTHATYOUCANTDECODE*

url API:http://localhost/workspaces/CURRENT/em/ipcDispatch.php
POST /workspaces/CURRENT/em/ipcDispatch.php HTTP/1.1
Host: localhost
Content-Type: application/x-www-form-urlencoded
Content-Length: 242
Connection: Close

user=SYSTEM&api=ipcNodeOpe&act=EXEC_RESP&node=1&hwRsp=%24ackid%3D1-nadm-unds%2Cstatus%2Cdevices%2Cmiox%3D11111111111111111111%2Cmioy%3D11111111111111111111%2Cmre%3D11111111111111111111%2Ccps%3D11%2Cbackplane%3DIAMAMIOXUUIDTHATYOUCANTDECODE%2A

Response from API:{"rslt":"success","reason":"NODE DEVICES UPDATED"}
Array
(
    [0] => $ackid=1-cps-csta,status,current=1239mA,voltage=45678mV*
    [1] => $ackid=1-cps-csta,status,voltage1=46587mV,voltage2=47982mV,voltage3=48765mV,voltage4=49234mV*
    [2] => $ackid=1-cps-csta,status,temperature,zone1=67C,zone2=65C,zone3=66C,zone4=68C*
)

Processing:$ackid=1-cps-csta,status,current=1239mA,voltage=45678mV*

ackid received:1-cps-csta

rsp changed to:$ackid=1-cps-csta,status,current=1239mA,voltage=45678mV,backplane=IAMAMIOXUUIDTHATYOUCANTDECODE*

url API:http://localhost/workspaces/CURRENT/em/ipcDispatch.php
POST /workspaces/CURRENT/em/ipcDispatch.php HTTP/1.1
Host: localhost
Content-Type: application/x-www-form-urlencoded
Content-Length: 170
Connection: Close

user=SYSTEM&api=ipcNodeOpe&act=EXEC_RESP&node=1&hwRsp=%24ackid%3D1-cps-csta%2Cstatus%2Ccurrent%3D1239mA%2Cvoltage%3D45678mV%2Cbackplane%3DIAMAMIOXUUIDTHATYOUCANTDECODE%2A

Response from API:{"rslt":"success","reason":"VOLTAGE ALARM UPDATE SUCCESS"}

Processing:$ackid=1-cps-csta,status,voltage1=46587mV,voltage2=47982mV,voltage3=48765mV,voltage4=49234mV*

ackid received:1-cps-csta

rsp changed to:$ackid=1-cps-csta,status,voltage1=46587mV,voltage2=47982mV,voltage3=48765mV,voltage4=49234mV,backplane=IAMAMIOXUUIDTHATYOUCANTDECODE*

url API:http://localhost/workspaces/CURRENT/em/ipcDispatch.php
POST /workspaces/CURRENT/em/ipcDispatch.php HTTP/1.1
Host: localhost
Content-Type: application/x-www-form-urlencoded
Content-Length: 215
Connection: Close

user=SYSTEM&api=ipcNodeOpe&act=EXEC_RESP&node=1&hwRsp=%24ackid%3D1-cps-csta%2Cstatus%2Cvoltage1%3D46587mV%2Cvoltage2%3D47982mV%2Cvoltage3%3D48765mV%2Cvoltage4%3D49234mV%2Cbackplane%3DIAMAMIOXUUIDTHATYOUCANTDECODE%2A

Response from API:{"rslt":"success","reason":"VOLTAGE ALARM UPDATE SUCCESS"}

Processing:$ackid=1-cps-csta,status,temperature,zone1=67C,zone2=65C,zone3=66C,zone4=68C*

ackid received:1-cps-csta

rsp changed to:$ackid=1-cps-csta,status,temperature,zone1=67C,zone2=65C,zone3=66C,zone4=68C,backplane=IAMAMIOXUUIDTHATYOUCANTDECODE*

url API:http://localhost/workspaces/CURRENT/em/ipcDispatch.php
POST /workspaces/CURRENT/em/ipcDispatch.php HTTP/1.1
Host: localhost
Content-Type: application/x-www-form-urlencoded
Content-Length: 201
Connection: Close

user=SYSTEM&api=ipcNodeOpe&act=EXEC_RESP&node=1&hwRsp=%24ackid%3D1-cps-csta%2Cstatus%2Ctemperature%2Czone1%3D67C%2Czone2%3D65C%2Czone3%3D66C%2Czone4%3D68C%2Cbackplane%3DIAMAMIOXUUIDTHATYOUCANTDECODE%2A

Response from API:{"rslt":"success","reason":"TEMP ALARM UPDATE SUCCESS"}
Array
(
    [0] => $ackid=1-nadm-unds,status,devices,miox=11111111111111111111,mioy=11111111111111111111,mre=11111111111111111111,cps=11*
)

Processing:$ackid=1-nadm-unds,status,devices,miox=11111111111111111111,mioy=11111111111111111111,mre=11111111111111111111,cps=11*

ackid received:1-nadm-unds

rsp changed to:$ackid=1-nadm-unds,status,devices,miox=11111111111111111111,mioy=11111111111111111111,mre=11111111111111111111,cps=11,backplane=IAMAMIOXUUIDTHATYOUCANTDECODE*

url API:http://localhost/workspaces/CURRENT/em/ipcDispatch.php
POST /workspaces/CURRENT/em/ipcDispatch.php HTTP/1.1
Host: localhost
Content-Type: application/x-www-form-urlencoded
Content-Length: 242
Connection: Close

user=SYSTEM&api=ipcNodeOpe&act=EXEC_RESP&node=1&hwRsp=%24ackid%3D1-nadm-unds%2Cstatus%2Cdevices%2Cmiox%3D11111111111111111111%2Cmioy%3D11111111111111111111%2Cmre%3D11111111111111111111%2Ccps%3D11%2Cbackplane%3DIAMAMIOXUUIDTHATYOUCANTDECODE%2A

Response from API:{"rslt":"success","reason":"NODE DEVICES UPDATED"}

lostconn:0

CPS loop sends the status cmd:
Array
(
    [0] => $status,source=all,ackid=1-cps-csta*
    [1] => $status,source=devices,ackid=1-nadm-unds*
    [2] => $ackid=1-cps-csta,status,current=1239mA,voltage=45678mV*
    [3] => $ackid=1-cps-csta,status,voltage1=46587mV,voltage2=47982mV,voltage3=48765mV,voltage4=49234mV*
    [4] => $ackid=1-cps-csta,status,temperature,zone1=67C,zone2=65C,zone3=66C,zone4=68C*
)

Processing:$ackid=1-cps-csta,status,current=1239mA,voltage=45678mV*

ackid received:1-cps-csta

rsp changed to:$ackid=1-cps-csta,status,current=1239mA,voltage=45678mV,backplane=IAMAMIOXUUIDTHATYOUCANTDECODE*

url API:http://localhost/workspaces/CURRENT/em/ipcDispatch.php
POST /workspaces/CURRENT/em/ipcDispatch.php HTTP/1.1
Host: localhost
Content-Type: application/x-www-form-urlencoded
Content-Length: 170
Connection: Close

user=SYSTEM&api=ipcNodeOpe&act=EXEC_RESP&node=1&hwRsp=%24ackid%3D1-cps-csta%2Cstatus%2Ccurrent%3D1239mA%2Cvoltage%3D45678mV%2Cbackplane%3DIAMAMIOXUUIDTHATYOUCANTDECODE%2A

Response from API:{"rslt":"success","reason":"VOLTAGE ALARM UPDATE SUCCESS"}

Processing:$ackid=1-cps-csta,status,voltage1=46587mV,voltage2=47982mV,voltage3=48765mV,voltage4=49234mV*

ackid received:1-cps-csta

rsp changed to:$ackid=1-cps-csta,status,voltage1=46587mV,voltage2=47982mV,voltage3=48765mV,voltage4=49234mV,backplane=IAMAMIOXUUIDTHATYOUCANTDECODE*

url API:http://localhost/workspaces/CURRENT/em/ipcDispatch.php
POST /workspaces/CURRENT/em/ipcDispatch.php HTTP/1.1
Host: localhost
Content-Type: application/x-www-form-urlencoded
Content-Length: 215
Connection: Close

user=SYSTEM&api=ipcNodeOpe&act=EXEC_RESP&node=1&hwRsp=%24ackid%3D1-cps-csta%2Cstatus%2Cvoltage1%3D46587mV%2Cvoltage2%3D47982mV%2Cvoltage3%3D48765mV%2Cvoltage4%3D49234mV%2Cbackplane%3DIAMAMIOXUUIDTHATYOUCANTDECODE%2A

Response from API:{"rslt":"success","reason":"VOLTAGE ALARM UPDATE SUCCESS"}

Processing:$ackid=1-cps-csta,status,temperature,zone1=67C,zone2=65C,zone3=66C,zone4=68C*

ackid received:1-cps-csta

rsp changed to:$ackid=1-cps-csta,status,temperature,zone1=67C,zone2=65C,zone3=66C,zone4=68C,backplane=IAMAMIOXUUIDTHATYOUCANTDECODE*

url API:http://localhost/workspaces/CURRENT/em/ipcDispatch.php
POST /workspaces/CURRENT/em/ipcDispatch.php HTTP/1.1
Host: localhost
Content-Type: application/x-www-form-urlencoded
Content-Length: 201
Connection: Close

user=SYSTEM&api=ipcNodeOpe&act=EXEC_RESP&node=1&hwRsp=%24ackid%3D1-cps-csta%2Cstatus%2Ctemperature%2Czone1%3D67C%2Czone2%3D65C%2Czone3%3D66C%2Czone4%3D68C%2Cbackplane%3DIAMAMIOXUUIDTHATYOUCANTDECODE%2A

Response from API:{"rslt":"success","reason":"TEMP ALARM UPDATE SUCCESS"}
Array
(
    [0] => $ackid=1-nadm-unds,status,devices,miox=11111111111111111111,mioy=11111111111111111111,mre=11111111111111111111,cps=11*
)

Processing:$ackid=1-nadm-unds,status,devices,miox=11111111111111111111,mioy=11111111111111111111,mre=11111111111111111111,cps=11*

ackid received:1-nadm-unds

rsp changed to:$ackid=1-nadm-unds,status,devices,miox=11111111111111111111,mioy=11111111111111111111,mre=11111111111111111111,cps=11,backplane=IAMAMIOXUUIDTHATYOUCANTDECODE*

url API:http://localhost/workspaces/CURRENT/em/ipcDispatch.php
POST /workspaces/CURRENT/em/ipcDispatch.php HTTP/1.1
Host: localhost
Content-Type: application/x-www-form-urlencoded
Content-Length: 242
Connection: Close

user=SYSTEM&api=ipcNodeOpe&act=EXEC_RESP&node=1&hwRsp=%24ackid%3D1-nadm-unds%2Cstatus%2Cdevices%2Cmiox%3D11111111111111111111%2Cmioy%3D11111111111111111111%2Cmre%3D11111111111111111111%2Ccps%3D11%2Cbackplane%3DIAMAMIOXUUIDTHATYOUCANTDECODE%2A

Response from API:{"rslt":"success","reason":"NODE DEVICES UPDATED"}

-----------------BEGIN OF CPSLOOP-----------------

creating UPD server.....

-----------------BEGIN OF CPSLOOP-----------------

creating UPD server.....
